2018-08-27 13:07:58 INFO  Hooks:19 - Open browser
2018-08-27 13:08:01 INFO  HeadersLinksPage:62 - Click on RiaCom link
2018-08-27 13:08:01 INFO  Waiters:17 - Start waiting
2018-08-27 13:08:01 INFO  Waiters:19 - Finish waiting
2018-08-27 13:08:01 INFO  Waiters:17 - Start waiting
2018-08-27 13:08:01 INFO  Waiters:19 - Finish waiting
2018-08-27 13:08:01 INFO  HeadersLinksPage:76 - Switch to new window
2018-08-27 13:08:01 INFO  Waiters:17 - Start waiting
2018-08-27 13:08:01 INFO  Waiters:19 - Finish waiting
2018-08-27 13:08:01 INFO  Waiters:17 - Start waiting
2018-08-27 13:08:04 INFO  Waiters:19 - Finish waiting
2018-08-27 13:08:04 INFO  HeadersLinksPage:76 - Switch to new window
2018-08-27 13:08:04 INFO  HeadersLinksPage:50 - Get actual title
2018-08-27 13:08:04 INFO  HeadersLinksPage:56 - Get current URL
2018-08-27 13:08:04 INFO  HeadersLinksPage:88 - The page Ria.com was successfully loaded
2018-08-27 13:08:05 INFO  Hooks:25 - Close browser
2018-08-27 13:08:08 INFO  Hooks:19 - Open browser
2018-08-27 13:08:11 INFO  HeadersLinksPage:94 - Click on https://dom.ria.com/ link
2018-08-27 13:08:11 INFO  Waiters:17 - Start waiting
2018-08-27 13:08:11 INFO  Waiters:19 - Finish waiting
2018-08-27 13:08:11 INFO  Waiters:17 - Start waiting
2018-08-27 13:08:11 INFO  Waiters:19 - Finish waiting
2018-08-27 13:08:11 INFO  HeadersLinksPage:76 - Switch to new window
2018-08-27 13:08:11 INFO  Waiters:17 - Start waiting
2018-08-27 13:08:12 INFO  Waiters:19 - Finish waiting
2018-08-27 13:08:12 INFO  Waiters:17 - Start waiting
2018-08-27 13:08:13 INFO  Waiters:19 - Finish waiting
2018-08-27 13:08:13 INFO  HeadersLinksPage:76 - Switch to new window
2018-08-27 13:08:13 INFO  HeadersLinksPage:50 - Get actual title
2018-08-27 13:08:13 INFO  HeadersLinksPage:56 - Get current URL
2018-08-27 13:08:57 INFO  HeadersLinksPage:99 - The page https://dom.ria.com/ was successfully loaded
2018-08-27 13:08:58 INFO  Hooks:25 - Close browser
2018-08-27 13:09:01 INFO  Hooks:19 - Open browser
2018-08-27 13:09:03 INFO  HeadersLinksPage:105 - Click on https://market.ria.com/ link
2018-08-27 13:09:03 INFO  Waiters:17 - Start waiting
2018-08-27 13:09:04 INFO  Waiters:19 - Finish waiting
2018-08-27 13:09:04 INFO  Waiters:17 - Start waiting
2018-08-27 13:09:04 INFO  Waiters:19 - Finish waiting
2018-08-27 13:09:04 INFO  HeadersLinksPage:76 - Switch to new window
2018-08-27 13:09:04 INFO  Waiters:17 - Start waiting
2018-08-27 13:09:04 INFO  Waiters:19 - Finish waiting
2018-08-27 13:09:04 INFO  Waiters:17 - Start waiting
2018-08-27 13:09:05 INFO  Waiters:19 - Finish waiting
2018-08-27 13:09:05 INFO  HeadersLinksPage:76 - Switch to new window
2018-08-27 13:09:05 INFO  HeadersLinksPage:50 - Get actual title
2018-08-27 13:09:05 INFO  HeadersLinksPage:56 - Get current URL
2018-08-27 13:09:05 INFO  HeadersLinksPage:110 - The page https://market.ria.com/ was successfully loaded
2018-08-27 13:09:06 INFO  Hooks:25 - Close browser
2018-08-27 13:09:09 INFO  Hooks:19 - Open browser
2018-08-27 13:09:12 INFO  HeadersLinksPage:116 - Click on https://zapchasti.ria.com/ link
2018-08-27 13:09:12 INFO  Waiters:17 - Start waiting
2018-08-27 13:09:12 INFO  Waiters:19 - Finish waiting
2018-08-27 13:09:12 INFO  Waiters:17 - Start waiting
2018-08-27 13:09:12 INFO  Waiters:19 - Finish waiting
2018-08-27 13:09:12 INFO  HeadersLinksPage:76 - Switch to new window
2018-08-27 13:09:12 INFO  Waiters:17 - Start waiting
2018-08-27 13:09:12 INFO  Waiters:19 - Finish waiting
2018-08-27 13:09:12 INFO  Waiters:17 - Start waiting
2018-08-27 13:09:13 INFO  Waiters:19 - Finish waiting
2018-08-27 13:09:13 INFO  HeadersLinksPage:76 - Switch to new window
2018-08-27 13:09:13 INFO  HeadersLinksPage:50 - Get actual title
2018-08-27 13:09:13 INFO  HeadersLinksPage:56 - Get current URL
2018-08-27 13:09:13 INFO  HeadersLinksPage:121 - The page https://zapchasti.ria.com/ was successfully loaded
2018-08-27 13:09:14 INFO  Hooks:25 - Close browser
2018-08-27 13:09:17 INFO  Hooks:19 - Open browser
2018-08-27 13:09:22 INFO  MainPageLogin:43 - Click on login link
2018-08-27 13:09:32 INFO  MainPageLogin:45 - Switch to frame
2018-08-27 13:09:33 INFO  Hooks:25 - Close browser
2018-08-27 13:09:37 INFO  Hooks:19 - Open browser
2018-08-27 13:09:40 INFO  MainPageSearch:80 - Select car brand
2018-08-27 13:09:40 INFO  MainPageSearch:93 - Select car model
2018-08-27 13:09:40 INFO  MainPageSearch:135 - Click search button
2018-08-27 13:09:45 INFO  SearchPageResults:45 - Check the results of search for the brand and mark car
2018-08-27 13:09:46 INFO  Hooks:25 - Close browser
2018-08-27 13:09:49 INFO  Hooks:19 - Open browser
2018-08-27 13:09:52 INFO  MainPageSearch:80 - Select car brand
2018-08-27 13:09:53 INFO  MainPageSearch:93 - Select car model
2018-08-27 13:09:53 INFO  MainPageSearch:135 - Click search button
2018-08-27 13:09:59 INFO  SearchPageResults:45 - Check the results of search for the brand and mark car
2018-08-27 13:10:00 INFO  Hooks:25 - Close browser
2018-08-27 13:10:03 INFO  Hooks:19 - Open browser
2018-08-27 13:10:06 INFO  MainPageSearch:80 - Select car brand
2018-08-27 13:10:06 INFO  MainPageSearch:93 - Select car model
2018-08-27 13:10:06 INFO  MainPageSearch:135 - Click search button
2018-08-27 13:10:11 INFO  SearchPageResults:45 - Check the results of search for the brand and mark car
2018-08-27 13:10:12 INFO  Hooks:25 - Close browser
2018-08-27 13:10:15 INFO  Hooks:19 - Open browser
2018-08-27 13:10:17 INFO  MainPageSearch:120 - Select year from
2018-08-27 13:10:18 INFO  MainPageSearch:123 - Select year to
2018-08-27 13:10:18 INFO  MainPageSearch:135 - Click search button
2018-08-27 13:10:22 INFO  SearchPageResults:72 - Check the results of search for the year
2018-08-27 13:10:23 INFO  Hooks:25 - Close browser
2018-08-27 13:10:27 INFO  Hooks:19 - Open browser
2018-08-27 13:10:30 INFO  MainPageSearch:120 - Select year from
2018-08-27 13:10:30 INFO  MainPageSearch:123 - Select year to
2018-08-27 13:10:35 INFO  MainPageSearch:135 - Click search button
2018-08-27 13:10:42 INFO  SearchPageResults:72 - Check the results of search for the year
2018-08-27 13:10:43 INFO  Hooks:25 - Close browser
2018-08-27 13:10:46 INFO  Hooks:19 - Open browser
2018-08-27 13:10:49 INFO  MainPageSearch:120 - Select year from
2018-08-27 13:10:49 INFO  MainPageSearch:123 - Select year to
2018-08-27 13:10:49 INFO  MainPageSearch:135 - Click search button
2018-08-27 13:10:54 INFO  SearchPageResults:72 - Check the results of search for the year
2018-08-27 13:10:54 INFO  Hooks:25 - Close browser
2018-08-27 13:10:59 INFO  Hooks:25 - Close browser
2018-08-27 13:11:02 INFO  Hooks:19 - Open browser
2018-08-27 13:11:05 INFO  MainPageSearch:128 - Select price from
2018-08-27 13:11:05 INFO  MainPageSearch:130 - Select price to
2018-08-27 13:11:05 INFO  MainPageSearch:135 - Click search button
2018-08-27 13:11:09 INFO  SearchPageResults:87 - Check the results of search for the price
2018-08-27 13:11:10 INFO  Hooks:25 - Close browser
2018-08-27 13:11:14 INFO  Hooks:25 - Close browser
2018-08-27 13:11:18 INFO  Hooks:19 - Open browser
2018-08-27 13:11:21 INFO  MainPageSearch:111 - Select region
2018-08-27 13:11:21 INFO  MainPageSearch:135 - Click search button
2018-08-27 13:11:25 INFO  SearchPageResults:57 - Check the results of search for the region
2018-08-27 13:11:25 INFO  Hooks:25 - Close browser
2018-08-27 13:11:29 INFO  Hooks:19 - Open browser
2018-08-27 13:11:44 INFO  MainPageSearch:111 - Select region
2018-08-27 13:11:49 INFO  MainPageSearch:135 - Click search button
2018-08-27 13:11:52 INFO  SearchPageResults:57 - Check the results of search for the region
2018-08-27 13:11:52 INFO  Hooks:25 - Close browser
2018-08-27 13:11:56 INFO  Hooks:19 - Open browser
2018-08-27 13:12:08 INFO  MainPageSearch:111 - Select region
2018-08-27 13:12:13 INFO  MainPageSearch:135 - Click search button
2018-08-27 13:12:17 INFO  SearchPageResults:57 - Check the results of search for the region
2018-08-27 13:12:17 INFO  Hooks:25 - Close browser
